<?xml version="1.0" ?>
<!DOCTYPE coverage
  SYSTEM 'http://cobertura.sourceforge.net/xml/coverage-03.dtd'>
<coverage branch-rate="0" line-rate="0.234" timestamp="1434124478179" version="3.7.1">
	<!-- Generated by coverage.py: http://nedbatchelder.com/code/coverage -->
	<packages>
		<package branch-rate="0" complexity="0" line-rate="1" name="">
			<classes>
				<class branch-rate="0" complexity="0" filename="setup.py" line-rate="1" name="setup">
					<methods/>
					<lines>
						<line hits="1" number="1"/>
						<line hits="1" number="3"/>
					</lines>
				</class>
			</classes>
		</package>
		<package branch-rate="0" complexity="0" line-rate="0.2334" name=".home.vagrant.python2_venv.lib.python2">
			<classes>
				<class branch-rate="0" complexity="0" filename="/home/vagrant/python2_venv/lib/python2.7/distutils/__init__.py" line-rate="0.527" name="/home/vagrant/python2_venv/lib/python2.7/distutils/__init__">
					<methods/>
					<lines>
						<line hits="1" number="1"/>
						<line hits="1" number="2"/>
						<line hits="1" number="3"/>
						<line hits="1" number="4"/>
						<line hits="1" number="5"/>
						<line hits="1" number="9"/>
						<line hits="1" number="11"/>
						<line hits="1" number="12"/>
						<line hits="0" number="13"/>
						<line hits="1" number="16"/>
						<line hits="1" number="17"/>
						<line hits="1" number="19"/>
						<line hits="1" number="20"/>
						<line hits="0" number="21"/>
						<line hits="0" number="22"/>
						<line hits="1" number="23"/>
						<line hits="1" number="25"/>
						<line hits="1" number="27"/>
						<line hits="1" number="28"/>
						<line hits="0" number="29"/>
						<line hits="0" number="30"/>
						<line hits="1" number="35"/>
						<line hits="0" number="36"/>
						<line hits="0" number="37"/>
						<line hits="0" number="38"/>
						<line hits="0" number="39"/>
						<line hits="0" number="40"/>
						<line hits="0" number="41"/>
						<line hits="0" number="42"/>
						<line hits="0" number="44"/>
						<line hits="0" number="45"/>
						<line hits="0" number="47"/>
						<line hits="0" number="48"/>
						<line hits="1" number="52"/>
						<line hits="1" number="53"/>
						<line hits="1" number="54"/>
						<line hits="1" number="55"/>
						<line hits="1" number="59"/>
						<line hits="1" number="60"/>
						<line hits="0" number="62"/>
						<line hits="1" number="63"/>
						<line hits="1" number="64"/>
						<line hits="0" number="65"/>
						<line hits="0" number="66"/>
						<line hits="0" number="67"/>
						<line hits="0" number="68"/>
						<line hits="1" number="69"/>
						<line hits="1" number="70"/>
						<line hits="1" number="74"/>
						<line hits="1" number="75"/>
						<line hits="0" number="76"/>
						<line hits="0" number="77"/>
						<line hits="0" number="78"/>
						<line hits="1" number="79"/>
						<line hits="1" number="80"/>
						<line hits="1" number="82"/>
						<line hits="1" number="83"/>
						<line hits="0" number="84"/>
						<line hits="0" number="85"/>
						<line hits="0" number="86"/>
						<line hits="1" number="87"/>
						<line hits="1" number="88"/>
						<line hits="1" number="90"/>
						<line hits="1" number="91"/>
						<line hits="0" number="92"/>
						<line hits="0" number="93"/>
						<line hits="0" number="94"/>
						<line hits="0" number="95"/>
						<line hits="0" number="96"/>
						<line hits="0" number="97"/>
						<line hits="0" number="98"/>
						<line hits="0" number="99"/>
						<line hits="1" number="100"/>
						<line hits="1" number="101"/>
					</lines>
				</class>
				<class branch-rate="0" complexity="0" filename="/home/vagrant/python2_venv/lib/python2.7/site-packages/_markerlib/__init__.py" line-rate="0.2" name="/home/vagrant/python2_venv/lib/python2.7/site-packages/_markerlib/__init__">
					<methods/>
					<lines>
						<line hits="1" number="1"/>
						<line hits="1" number="2"/>
						<line hits="1" number="3"/>
						<line hits="0" number="4"/>
						<line hits="0" number="5"/>
						<line hits="0" number="6"/>
						<line hits="0" number="7"/>
						<line hits="0" number="8"/>
						<line hits="0" number="9"/>
						<line hits="0" number="10"/>
						<line hits="0" number="12"/>
						<line hits="0" number="13"/>
						<line hits="0" number="14"/>
						<line hits="0" number="15"/>
						<line hits="0" number="16"/>
					</lines>
				</class>
				<class branch-rate="0" complexity="0" filename="/home/vagrant/python2_venv/lib/python2.7/site-packages/_markerlib/markers.py" line-rate="0.8065" name="/home/vagrant/python2_venv/lib/python2.7/site-packages/_markerlib/markers">
					<methods/>
					<lines>
						<line hits="1" number="2"/>
						<line hits="1" number="18"/>
						<line hits="1" number="20"/>
						<line hits="1" number="21"/>
						<line hits="1" number="22"/>
						<line hits="1" number="23"/>
						<line hits="1" number="24"/>
						<line hits="1" number="26"/>
						<line hits="1" number="28"/>
						<line hits="1" number="29"/>
						<line hits="0" number="30"/>
						<line hits="0" number="31"/>
						<line hits="0" number="33"/>
						<line hits="0" number="34"/>
						<line hits="0" number="36"/>
						<line hits="1" number="40"/>
						<line hits="1" number="52"/>
						<line hits="1" number="53"/>
						<line hits="1" number="54"/>
						<line hits="1" number="56"/>
						<line hits="1" number="58"/>
						<line hits="1" number="60"/>
						<line hits="1" number="61"/>
						<line hits="1" number="62"/>
						<line hits="1" number="64"/>
						<line hits="1" number="66"/>
						<line hits="1" number="68"/>
						<line hits="1" number="70"/>
						<line hits="1" number="72"/>
						<line hits="0" number="73"/>
						<line hits="1" number="76"/>
						<line hits="1" number="78"/>
						<line hits="0" number="80"/>
						<line hits="0" number="81"/>
						<line hits="1" number="83"/>
						<line hits="1" number="84"/>
						<line hits="1" number="85"/>
						<line hits="1" number="86"/>
						<line hits="1" number="88"/>
						<line hits="1" number="89"/>
						<line hits="1" number="92"/>
						<line hits="1" number="94"/>
						<line hits="1" number="96"/>
						<line hits="1" number="97"/>
						<line hits="1" number="98"/>
						<line hits="1" number="99"/>
						<line hits="1" number="100"/>
						<line hits="0" number="101"/>
						<line hits="0" number="103"/>
						<line hits="1" number="105"/>
						<line hits="1" number="106"/>
						<line hits="1" number="108"/>
						<line hits="0" number="109"/>
						<line hits="1" number="110"/>
						<line hits="1" number="111"/>
						<line hits="1" number="112"/>
						<line hits="1" number="113"/>
						<line hits="1" number="114"/>
						<line hits="1" number="115"/>
						<line hits="1" number="116"/>
						<line hits="1" number="118"/>
						<line hits="0" number="119"/>
					</lines>
				</class>
				<class branch-rate="0" complexity="0" filename="/home/vagrant/python2_venv/lib/python2.7/site-packages/pkg_resources.py" line-rate="0.1381" name="/home/vagrant/python2_venv/lib/python2.7/site-packages/pkg_resources">
					<methods/>
					<lines>
						<line hits="0" number="17"/>
						<line hits="0" number="18"/>
						<line hits="0" number="19"/>
						<line hits="0" number="20"/>
						<line hits="0" number="21"/>
						<line hits="0" number="22"/>
						<line hits="0" number="23"/>
						<line hits="0" number="24"/>
						<line hits="0" number="25"/>
						<line hits="0" number="26"/>
						<line hits="0" number="27"/>
						<line hits="0" number="28"/>
						<line hits="0" number="29"/>
						<line hits="0" number="30"/>
						<line hits="0" number="31"/>
						<line hits="0" number="32"/>
						<line hits="0" number="34"/>
						<line hits="0" number="35"/>
						<line hits="0" number="36"/>
						<line hits="0" number="37"/>
						<line hits="0" number="39"/>
						<line hits="0" number="40"/>
						<line hits="0" number="41"/>
						<line hits="0" number="42"/>
						<line hits="0" number="43"/>
						<line hits="0" number="44"/>
						<line hits="1" number="45"/>
						<line hits="0" number="46"/>
						<line hits="0" number="47"/>
						<line hits="0" number="48"/>
						<line hits="0" number="49"/>
						<line hits="0" number="50"/>
						<line hits="0" number="51"/>
						<line hits="0" number="52"/>
						<line hits="0" number="53"/>
						<line hits="0" number="54"/>
						<line hits="0" number="55"/>
						<line hits="0" number="58"/>
						<line hits="0" number="59"/>
						<line hits="0" number="60"/>
						<line hits="0" number="61"/>
						<line hits="0" number="62"/>
						<line hits="0" number="64"/>
						<line hits="0" number="66"/>
						<line hits="0" number="67"/>
						<line hits="0" number="70"/>
						<line hits="0" number="71"/>
						<line hits="0" number="73"/>
						<line hits="0" number="75"/>
						<line hits="0" number="76"/>
						<line hits="0" number="77"/>
						<line hits="0" number="78"/>
						<line hits="0" number="80"/>
						<line hits="0" number="82"/>
						<line hits="0" number="83"/>
						<line hits="0" number="84"/>
						<line hits="0" number="85"/>
						<line hits="0" number="86"/>
						<line hits="0" number="87"/>
						<line hits="0" number="90"/>
						<line hits="0" number="92"/>
						<line hits="0" number="93"/>
						<line hits="0" number="94"/>
						<line hits="0" number="95"/>
						<line hits="0" number="96"/>
						<line hits="0" number="98"/>
						<line hits="0" number="99"/>
						<line hits="0" number="100"/>
						<line hits="0" number="101"/>
						<line hits="0" number="102"/>
						<line hits="0" number="103"/>
						<line hits="0" number="105"/>
						<line hits="0" number="106"/>
						<line hits="0" number="107"/>
						<line hits="0" number="108"/>
						<line hits="0" number="109"/>
						<line hits="0" number="111"/>
						<line hits="0" number="112"/>
						<line hits="0" number="114"/>
						<line hits="0" number="115"/>
						<line hits="0" number="116"/>
						<line hits="0" number="118"/>
						<line hits="0" number="119"/>
						<line hits="0" number="121"/>
						<line hits="0" number="122"/>
						<line hits="0" number="124"/>
						<line hits="0" number="127"/>
						<line hits="0" number="140"/>
						<line hits="0" number="141"/>
						<line hits="0" number="142"/>
						<line hits="0" number="143"/>
						<line hits="0" number="144"/>
						<line hits="0" number="145"/>
						<line hits="0" number="146"/>
						<line hits="0" number="147"/>
						<line hits="0" number="149"/>
						<line hits="0" number="191"/>
						<line hits="0" number="193"/>
						<line hits="0" number="194"/>
						<line hits="0" number="196"/>
						<line hits="0" number="199"/>
						<line hits="0" number="202"/>
						<line hits="0" number="204"/>
						<line hits="0" number="206"/>
						<line hits="0" number="207"/>
						<line hits="0" number="208"/>
						<line hits="0" number="209"/>
						<line hits="0" number="210"/>
						<line hits="0" number="211"/>
						<line hits="0" number="213"/>
						<line hits="0" number="220"/>
						<line hits="0" number="222"/>
						<line hits="0" number="224"/>
						<line hits="0" number="225"/>
						<line hits="0" number="226"/>
						<line hits="0" number="227"/>
						<line hits="0" number="228"/>
						<line hits="0" number="229"/>
						<line hits="0" number="230"/>
						<line hits="0" number="231"/>
						<line hits="0" number="232"/>
						<line hits="0" number="234"/>
						<line hits="0" number="235"/>
						<line hits="0" number="236"/>
						<line hits="0" number="237"/>
						<line hits="0" number="239"/>
						<line hits="0" number="240"/>
						<line hits="0" number="241"/>
						<line hits="0" number="242"/>
						<line hits="0" number="243"/>
						<line hits="0" number="244"/>
						<line hits="0" number="245"/>
						<line hits="0" number="246"/>
						<line hits="0" number="248"/>
						<line hits="0" number="249"/>
						<line hits="0" number="251"/>
						<line hits="0" number="252"/>
						<line hits="0" number="254"/>
						<line hits="0" number="260"/>
						<line hits="0" number="262"/>
						<line hits="0" number="263"/>
						<line hits="0" number="264"/>
						<line hits="0" number="266"/>
						<line hits="0" number="267"/>
						<line hits="0" number="268"/>
						<line hits="0" number="269"/>
						<line hits="0" number="270"/>
						<line hits="0" number="271"/>
						<line hits="0" number="273"/>
						<line hits="0" number="276"/>
						<line hits="0" number="277"/>
						<line hits="0" number="279"/>
						<line hits="0" number="280"/>
						<line hits="0" number="281"/>
						<line hits="0" number="284"/>
						<line hits="0" number="291"/>
						<line hits="0" number="292"/>
						<line hits="0" number="295"/>
						<line hits="0" number="296"/>
						<line hits="0" number="297"/>
						<line hits="0" number="300"/>
						<line hits="0" number="304"/>
						<line hits="0" number="305"/>
						<line hits="0" number="306"/>
						<line hits="0" number="307"/>
						<line hits="0" number="308"/>
						<line hits="0" number="315"/>
						<line hits="0" number="316"/>
						<line hits="0" number="319"/>
						<line hits="0" number="321"/>
						<line hits="0" number="324"/>
						<line hits="0" number="325"/>
						<line hits="0" number="327"/>
						<line hits="0" number="330"/>
						<line hits="0" number="333"/>
						<line hits="0" number="335"/>
						<line hits="0" number="336"/>
						<line hits="0" number="337"/>
						<line hits="0" number="338"/>
						<line hits="0" number="339"/>
						<line hits="0" number="341"/>
						<line hits="0" number="343"/>
						<line hits="0" number="345"/>
						<line hits="0" number="346"/>
						<line hits="0" number="347"/>
						<line hits="0" number="348"/>
						<line hits="0" number="349"/>
						<line hits="0" number="351"/>
						<line hits="0" number="353"/>
						<line hits="0" number="355"/>
						<line hits="0" number="357"/>
						<line hits="0" number="359"/>
						<line hits="0" number="361"/>
						<line hits="0" number="364"/>
						<line hits="0" number="366"/>
						<line hits="0" number="369"/>
						<line hits="0" number="372"/>
						<line hits="0" number="378"/>
						<line hits="0" number="381"/>
						<line hits="0" number="384"/>
						<line hits="0" number="388"/>
						<line hits="0" number="391"/>
						<line hits="0" number="396"/>
						<line hits="0" number="401"/>
						<line hits="0" number="406"/>
						<line hits="0" number="409"/>
						<line hits="0" number="412"/>
						<line hits="0" number="416"/>
						<line hits="0" number="419"/>
						<line hits="0" number="421"/>
						<line hits="0" number="422"/>
						<line hits="0" number="423"/>
						<line hits="0" number="424"/>
						<line hits="0" number="426"/>
						<line hits="0" number="427"/>
						<line hits="0" number="429"/>
						<line hits="0" number="430"/>
						<line hits="0" number="432"/>
						<line hits="0" number="442"/>
						<line hits="0" number="443"/>
						<line hits="0" number="444"/>
						<line hits="0" number="445"/>
						<line hits="0" number="447"/>
						<line hits="0" number="449"/>
						<line hits="0" number="451"/>
						<line hits="0" number="461"/>
						<line hits="0" number="462"/>
						<line hits="0" number="463"/>
						<line hits="0" number="465"/>
						<line hits="0" number="467"/>
						<line hits="1" number="474"/>
						<line hits="1" number="475"/>
						<line hits="1" number="476"/>
						<line hits="1" number="477"/>
						<line hits="1" number="478"/>
						<line hits="1" number="479"/>
						<line hits="1" number="480"/>
						<line hits="0" number="482"/>
						<line hits="0" number="484"/>
						<line hits="0" number="485"/>
						<line hits="0" number="486"/>
						<line hits="0" number="487"/>
						<line hits="0" number="488"/>
						<line hits="0" number="490"/>
						<line hits="1" number="496"/>
						<line hits="1" number="497"/>
						<line hits="1" number="498"/>
						<line hits="0" number="500"/>
						<line hits="1" number="502"/>
						<line hits="1" number="503"/>
						<line hits="1" number="504"/>
						<line hits="1" number="505"/>
						<line hits="0" number="507"/>
						<line hits="0" number="519"/>
						<line hits="0" number="520"/>
						<line hits="0" number="522"/>
						<line hits="0" number="523"/>
						<line hits="0" number="524"/>
						<line hits="0" number="525"/>
						<line hits="0" number="526"/>
						<line hits="0" number="527"/>
						<line hits="0" number="529"/>
						<line hits="0" number="530"/>
						<line hits="0" number="531"/>
						<line hits="0" number="532"/>
						<line hits="0" number="533"/>
						<line hits="0" number="534"/>
						<line hits="0" number="536"/>
						<line hits="1" number="555"/>
						<line hits="1" number="556"/>
						<line hits="1" number="557"/>
						<line hits="1" number="558"/>
						<line hits="1" number="560"/>
						<line hits="0" number="561"/>
						<line hits="0" number="562"/>
						<line hits="0" number="564"/>
						<line hits="0" number="565"/>
						<line hits="0" number="566"/>
						<line hits="0" number="568"/>
						<line hits="0" number="569"/>
						<line hits="0" number="570"/>
						<line hits="0" number="571"/>
						<line hits="0" number="572"/>
						<line hits="0" number="573"/>
						<line hits="0" number="578"/>
						<line hits="0" number="579"/>
						<line hits="0" number="580"/>
						<line hits="0" number="581"/>
						<line hits="0" number="588"/>
						<line hits="0" number="589"/>
						<line hits="0" number="590"/>
						<line hits="0" number="592"/>
						<line hits="0" number="593"/>
						<line hits="0" number="594"/>
						<line hits="1" number="596"/>
						<line hits="0" number="598"/>
						<line hits="0" number="632"/>
						<line hits="0" number="633"/>
						<line hits="0" number="635"/>
						<line hits="0" number="636"/>
						<line hits="0" number="638"/>
						<line hits="0" number="639"/>
						<line hits="0" number="640"/>
						<line hits="0" number="642"/>
						<line hits="0" number="644"/>
						<line hits="0" number="645"/>
						<line hits="0" number="647"/>
						<line hits="0" number="649"/>
						<line hits="0" number="651"/>
						<line hits="0" number="653"/>
						<line hits="0" number="654"/>
						<line hits="0" number="656"/>
						<line hits="0" number="657"/>
						<line hits="0" number="658"/>
						<line hits="0" number="659"/>
						<line hits="0" number="660"/>
						<line hits="0" number="662"/>
						<line hits="0" number="665"/>
						<line hits="0" number="666"/>
						<line hits="0" number="669"/>
						<line hits="0" number="671"/>
						<line hits="0" number="672"/>
						<line hits="0" number="674"/>
						<line hits="0" number="676"/>
						<line hits="0" number="685"/>
						<line hits="0" number="687"/>
						<line hits="0" number="688"/>
						<line hits="0" number="690"/>
						<line hits="0" number="692"/>
						<line hits="0" number="694"/>
						<line hits="0" number="695"/>
						<line hits="0" number="696"/>
						<line hits="0" number="697"/>
						<line hits="0" number="698"/>
						<line hits="0" number="700"/>
						<line hits="0" number="701"/>
						<line hits="0" number="702"/>
						<line hits="0" number="704"/>
						<line hits="0" number="705"/>
						<line hits="0" number="710"/>
						<line hits="0" number="711"/>
						<line hits="0" number="712"/>
						<line hits="0" number="713"/>
						<line hits="0" number="714"/>
						<line hits="0" number="715"/>
						<line hits="0" number="718"/>
						<line hits="0" number="721"/>
						<line hits="0" number="738"/>
						<line hits="0" number="739"/>
						<line hits="0" number="740"/>
						<line hits="0" number="741"/>
						<line hits="0" number="742"/>
						<line hits="0" number="744"/>
						<line hits="0" number="751"/>
						<line hits="0" number="755"/>
						<line hits="0" number="757"/>
						<line hits="0" number="759"/>
						<line hits="0" number="767"/>
						<line hits="0" number="768"/>
						<line hits="0" number="770"/>
						<line hits="0" number="771"/>
						<line hits="0" number="772"/>
						<line hits="0" number="774"/>
						<line hits="0" number="777"/>
						<line hits="0" number="778"/>
						<line hits="0" number="779"/>
						<line hits="0" number="780"/>
						<line hits="0" number="781"/>
						<line hits="0" number="782"/>
						<line hits="0" number="784"/>
						<line hits="0" number="785"/>
						<line hits="0" number="786"/>
						<line hits="0" number="788"/>
						<line hits="0" number="790"/>
						<line hits="0" number="792"/>
						<line hits="0" number="793"/>
						<line hits="0" number="794"/>
						<line hits="0" number="795"/>
						<line hits="0" number="796"/>
						<line hits="0" number="797"/>
						<line hits="0" number="799"/>
						<line hits="0" number="812"/>
						<line hits="0" number="813"/>
						<line hits="0" number="814"/>
						<line hits="0" number="815"/>
						<line hits="0" number="816"/>
						<line hits="0" number="817"/>
						<line hits="0" number="818"/>
						<line hits="0" number="820"/>
						<line hits="0" number="829"/>
						<line hits="0" number="830"/>
						<line hits="0" number="832"/>
						<line hits="0" number="834"/>
						<line hits="0" number="835"/>
						<line hits="0" number="837"/>
						<line hits="0" number="839"/>
						<line hits="0" number="840"/>
						<line hits="0" number="841"/>
						<line hits="0" number="842"/>
						<line hits="0" number="843"/>
						<line hits="0" number="844"/>
						<line hits="0" number="846"/>
						<line hits="0" number="847"/>
						<line hits="0" number="849"/>
						<line hits="0" number="851"/>
						<line hits="0" number="852"/>
						<line hits="0" number="853"/>
						<line hits="0" number="854"/>
						<line hits="0" number="857"/>
						<line hits="0" number="860"/>
						<line hits="0" number="876"/>
						<line hits="0" number="878"/>
						<line hits="0" number="880"/>
						<line hits="0" number="881"/>
						<line hits="0" number="883"/>
						<line hits="0" number="885"/>
						<line hits="0" number="887"/>
						<line hits="0" number="889"/>
						<line hits="0" number="893"/>
						<line hits="0" number="895"/>
						<line hits="0" number="899"/>
						<line hits="0" number="901"/>
						<line hits="0" number="905"/>
						<line hits="0" number="907"/>
						<line hits="0" number="911"/>
						<line hits="0" number="913"/>
						<line hits="0" number="917"/>
						<line hits="0" number="920"/>
						<line hits="0" number="921"/>
						<line hits="0" number="923"/>
						<line hits="0" number="939"/>
						<line hits="0" number="940"/>
						<line hits="0" number="941"/>
						<line hits="0" number="942"/>
						<line hits="0" number="944"/>
						<line hits="0" number="957"/>
						<line hits="0" number="958"/>
						<line hits="0" number="959"/>
						<line hits="0" number="960"/>
						<line hits="0" number="961"/>
						<line hits="0" number="962"/>
						<line hits="0" number="964"/>
						<line hits="0" number="966"/>
						<line hits="0" number="967"/>
						<line hits="0" number="969"/>
						<line hits="0" number="979"/>
						<line hits="0" number="983"/>
						<line hits="0" number="984"/>
						<line hits="0" number="985"/>
						<line hits="0" number="986"/>
						<line hits="0" number="991"/>
						<line hits="0" number="993"/>
						<line hits="0" number="1008"/>
						<line hits="0" number="1010"/>
						<line hits="0" number="1011"/>
						<line hits="0" number="1013"/>
						<line hits="0" number="1032"/>
						<line hits="0" number="1033"/>
						<line hits="0" number="1037"/>
						<line hits="0" number="1039"/>
						<line hits="0" number="1052"/>
						<line hits="0" number="1059"/>
						<line hits="0" number="1060"/>
						<line hits="0" number="1061"/>
						<line hits="0" number="1062"/>
						<line hits="0" number="1064"/>
						<line hits="0" number="1065"/>
						<line hits="0" number="1067"/>
						<line hits="0" number="1068"/>
						<line hits="0" number="1077"/>
						<line hits="0" number="1078"/>
						<line hits="0" number="1079"/>
						<line hits="0" number="1080"/>
						<line hits="0" number="1081"/>
						<line hits="0" number="1083"/>
						<line hits="0" number="1085"/>
						<line hits="0" number="1086"/>
						<line hits="0" number="1087"/>
						<line hits="0" number="1089"/>
						<line hits="0" number="1093"/>
						<line hits="1" number="1098"/>
						<line hits="0" number="1101"/>
						<line hits="1" number="1107"/>
						<line hits="1" number="1108"/>
						<line hits="0" number="1111"/>
						<line hits="1" number="1117"/>
						<line hits="0" number="1120"/>
						<line hits="0" number="1125"/>
						<line hits="0" number="1128"/>
						<line hits="0" number="1129"/>
						<line hits="0" number="1139"/>
						<line hits="0" number="1145"/>
						<line hits="0" number="1146"/>
						<line hits="0" number="1147"/>
						<line hits="0" number="1148"/>
						<line hits="0" number="1149"/>
						<line hits="0" number="1151"/>
						<line hits="0" number="1158"/>
						<line hits="0" number="1162"/>
						<line hits="0" number="1163"/>
						<line hits="0" number="1164"/>
						<line hits="0" number="1165"/>
						<line hits="0" number="1167"/>
						<line hits="0" number="1170"/>
						<line hits="0" number="1172"/>
						<line hits="0" number="1175"/>
						<line hits="0" number="1177"/>
						<line hits="0" number="1179"/>
						<line hits="0" number="1180"/>
						<line hits="0" number="1181"/>
						<line hits="0" number="1182"/>
						<line hits="0" number="1183"/>
						<line hits="0" number="1184"/>
						<line hits="0" number="1186"/>
						<line hits="0" number="1188"/>
						<line hits="0" number="1189"/>
						<line hits="0" number="1190"/>
						<line hits="0" number="1191"/>
						<line hits="0" number="1192"/>
						<line hits="0" number="1193"/>
						<line hits="0" number="1194"/>
						<line hits="0" number="1195"/>
						<line hits="0" number="1197"/>
						<line hits="0" number="1198"/>
						<line hits="0" number="1199"/>
						<line hits="0" number="1200"/>
						<line hits="0" number="1201"/>
						<line hits="0" number="1202"/>
						<line hits="0" number="1204"/>
						<line hits="0" number="1206"/>
						<line hits="0" number="1216"/>
						<line hits="0" number="1217"/>
						<line hits="0" number="1218"/>
						<line hits="0" number="1220"/>
						<line hits="0" number="1221"/>
						<line hits="0" number="1231"/>
						<line hits="0" number="1233"/>
						<line hits="0" number="1240"/>
						<line hits="0" number="1243"/>
						<line hits="0" number="1244"/>
						<line hits="0" number="1245"/>
						<line hits="0" number="1246"/>
						<line hits="0" number="1247"/>
						<line hits="0" number="1248"/>
						<line hits="0" number="1249"/>
						<line hits="0" number="1250"/>
						<line hits="0" number="1251"/>
						<line hits="0" number="1252"/>
						<line hits="0" number="1254"/>
						<line hits="0" number="1257"/>
						<line hits="0" number="1259"/>
						<line hits="0" number="1261"/>
						<line hits="0" number="1262"/>
						<line hits="0" number="1263"/>
						<line hits="0" number="1264"/>
						<line hits="0" number="1265"/>
						<line hits="0" number="1266"/>
						<line hits="0" number="1268"/>
						<line hits="0" number="1270"/>
						<line hits="0" number="1271"/>
						<line hits="0" number="1272"/>
						<line hits="0" number="1273"/>
						<line hits="0" number="1274"/>
						<line hits="0" number="1275"/>
						<line hits="0" number="1276"/>
						<line hits="0" number="1277"/>
						<line hits="0" number="1278"/>
						<line hits="0" number="1279"/>
						<line hits="0" number="1280"/>
						<line hits="0" number="1281"/>
						<line hits="0" number="1283"/>
						<line hits="0" number="1285"/>
						<line hits="0" number="1286"/>
						<line hits="0" number="1288"/>
						<line hits="0" number="1289"/>
						<line hits="0" number="1291"/>
						<line hits="0" number="1294"/>
						<line hits="0" number="1295"/>
						<line hits="0" number="1296"/>
						<line hits="0" number="1298"/>
						<line hits="0" number="1299"/>
						<line hits="0" number="1300"/>
						<line hits="0" number="1302"/>
						<line hits="0" number="1303"/>
						<line hits="0" number="1305"/>
						<line hits="0" number="1306"/>
						<line hits="0" number="1308"/>
						<line hits="0" number="1309"/>
						<line hits="0" number="1311"/>
						<line hits="0" number="1312"/>
						<line hits="0" number="1314"/>
						<line hits="1" number="1315"/>
						<line hits="0" number="1317"/>
						<line hits="0" number="1318"/>
						<line hits="1" number="1319"/>
						<line hits="0" number="1320"/>
						<line hits="1" number="1321"/>
						<line hits="0" number="1323"/>
						<line hits="0" number="1324"/>
						<line hits="0" number="1325"/>
						<line hits="0" number="1326"/>
						<line hits="0" number="1328"/>
						<line hits="1" number="1329"/>
						<line hits="0" number="1331"/>
						<line hits="0" number="1332"/>
						<line hits="0" number="1334"/>
						<line hits="0" number="1335"/>
						<line hits="0" number="1337"/>
						<line hits="0" number="1338"/>
						<line hits="0" number="1340"/>
						<line hits="0" number="1341"/>
						<line hits="0" number="1342"/>
						<line hits="0" number="1343"/>
						<line hits="0" number="1345"/>
						<line hits="0" number="1346"/>
						<line hits="0" number="1347"/>
						<line hits="0" number="1348"/>
						<line hits="0" number="1349"/>
						<line hits="0" number="1350"/>
						<line hits="0" number="1351"/>
						<line hits="0" number="1352"/>
						<line hits="0" number="1353"/>
						<line hits="0" number="1354"/>
						<line hits="0" number="1356"/>
						<line hits="0" number="1357"/>
						<line hits="0" number="1360"/>
						<line hits="0" number="1361"/>
						<line hits="0" number="1363"/>
						<line hits="0" number="1364"/>
						<line hits="0" number="1368"/>
						<line hits="0" number="1369"/>
						<line hits="0" number="1373"/>
						<line hits="0" number="1374"/>
						<line hits="0" number="1378"/>
						<line hits="1" number="1379"/>
						<line hits="1" number="1380"/>
						<line hits="0" number="1381"/>
						<line hits="0" number="1383"/>
						<line hits="0" number="1384"/>
						<line hits="0" number="1385"/>
						<line hits="0" number="1386"/>
						<line hits="0" number="1390"/>
						<line hits="0" number="1393"/>
						<line hits="0" number="1396"/>
						<line hits="0" number="1397"/>
						<line hits="0" number="1398"/>
						<line hits="0" number="1400"/>
						<line hits="0" number="1403"/>
						<line hits="0" number="1404"/>
						<line hits="0" number="1405"/>
						<line hits="0" number="1406"/>
						<line hits="0" number="1407"/>
						<line hits="0" number="1408"/>
						<line hits="0" number="1409"/>
						<line hits="0" number="1410"/>
						<line hits="0" number="1411"/>
						<line hits="0" number="1412"/>
						<line hits="0" number="1414"/>
						<line hits="0" number="1417"/>
						<line hits="1" number="1418"/>
						<line hits="0" number="1420"/>
						<line hits="0" number="1421"/>
						<line hits="0" number="1423"/>
						<line hits="0" number="1424"/>
						<line hits="0" number="1426"/>
						<line hits="0" number="1427"/>
						<line hits="0" number="1429"/>
						<line hits="1" number="1430"/>
						<line hits="1" number="1431"/>
						<line hits="1" number="1432"/>
						<line hits="1" number="1434"/>
						<line hits="0" number="1436"/>
						<line hits="0" number="1438"/>
						<line hits="0" number="1439"/>
						<line hits="0" number="1442"/>
						<line hits="0" number="1445"/>
						<line hits="0" number="1446"/>
						<line hits="0" number="1447"/>
						<line hits="0" number="1448"/>
						<line hits="0" number="1450"/>
						<line hits="0" number="1451"/>
						<line hits="0" number="1453"/>
						<line hits="0" number="1456"/>
						<line hits="0" number="1476"/>
						<line hits="0" number="1477"/>
						<line hits="0" number="1479"/>
						<line hits="0" number="1480"/>
						<line hits="0" number="1481"/>
						<line hits="0" number="1482"/>
						<line hits="0" number="1483"/>
						<line hits="0" number="1485"/>
						<line hits="0" number="1486"/>
						<line hits="0" number="1489"/>
						<line hits="0" number="1492"/>
						<line hits="0" number="1494"/>
						<line hits="0" number="1495"/>
						<line hits="0" number="1496"/>
						<line hits="0" number="1497"/>
						<line hits="0" number="1499"/>
						<line hits="0" number="1502"/>
						<line hits="0" number="1503"/>
						<line hits="0" number="1504"/>
						<line hits="0" number="1508"/>
						<line hits="0" number="1510"/>
						<line hits="0" number="1511"/>
						<line hits="0" number="1512"/>
						<line hits="0" number="1513"/>
						<line hits="0" number="1517"/>
						<line hits="0" number="1518"/>
						<line hits="0" number="1519"/>
						<line hits="0" number="1523"/>
						<line hits="0" number="1524"/>
						<line hits="0" number="1525"/>
						<line hits="0" number="1526"/>
						<line hits="0" number="1527"/>
						<line hits="0" number="1528"/>
						<line hits="0" number="1530"/>
						<line hits="0" number="1532"/>
						<line hits="0" number="1533"/>
						<line hits="0" number="1535"/>
						<line hits="0" number="1536"/>
						<line hits="0" number="1538"/>
						<line hits="0" number="1540"/>
						<line hits="0" number="1541"/>
						<line hits="0" number="1542"/>
						<line hits="0" number="1545"/>
						<line hits="0" number="1547"/>
						<line hits="0" number="1549"/>
						<line hits="0" number="1550"/>
						<line hits="0" number="1552"/>
						<line hits="0" number="1554"/>
						<line hits="0" number="1558"/>
						<line hits="0" number="1559"/>
						<line hits="0" number="1561"/>
						<line hits="0" number="1562"/>
						<line hits="0" number="1563"/>
						<line hits="0" number="1564"/>
						<line hits="0" number="1565"/>
						<line hits="0" number="1567"/>
						<line hits="0" number="1568"/>
						<line hits="0" number="1570"/>
						<line hits="0" number="1571"/>
						<line hits="0" number="1572"/>
						<line hits="0" number="1575"/>
						<line hits="0" number="1576"/>
						<line hits="0" number="1577"/>
						<line hits="0" number="1578"/>
						<line hits="0" number="1579"/>
						<line hits="0" number="1580"/>
						<line hits="0" number="1582"/>
						<line hits="0" number="1583"/>
						<line hits="0" number="1585"/>
						<line hits="0" number="1587"/>
						<line hits="0" number="1591"/>
						<line hits="0" number="1592"/>
						<line hits="0" number="1593"/>
						<line hits="0" number="1594"/>
						<line hits="0" number="1595"/>
						<line hits="0" number="1596"/>
						<line hits="0" number="1598"/>
						<line hits="0" number="1599"/>
						<line hits="0" number="1600"/>
						<line hits="0" number="1601"/>
						<line hits="0" number="1602"/>
						<line hits="0" number="1604"/>
						<line hits="0" number="1605"/>
						<line hits="0" number="1606"/>
						<line hits="0" number="1607"/>
						<line hits="0" number="1608"/>
						<line hits="0" number="1609"/>
						<line hits="0" number="1610"/>
						<line hits="0" number="1611"/>
						<line hits="0" number="1613"/>
						<line hits="0" number="1614"/>
						<line hits="0" number="1615"/>
						<line hits="0" number="1616"/>
						<line hits="0" number="1617"/>
						<line hits="0" number="1618"/>
						<line hits="0" number="1619"/>
						<line hits="0" number="1620"/>
						<line hits="0" number="1621"/>
						<line hits="0" number="1622"/>
						<line hits="0" number="1623"/>
						<line hits="0" number="1624"/>
						<line hits="0" number="1626"/>
						<line hits="0" number="1627"/>
						<line hits="0" number="1628"/>
						<line hits="0" number="1630"/>
						<line hits="0" number="1631"/>
						<line hits="0" number="1632"/>
						<line hits="0" number="1634"/>
						<line hits="0" number="1635"/>
						<line hits="0" number="1637"/>
						<line hits="0" number="1638"/>
						<line hits="0" number="1640"/>
						<line hits="0" number="1641"/>
						<line hits="0" number="1643"/>
						<line hits="0" number="1644"/>
						<line hits="0" number="1646"/>
						<line hits="0" number="1649"/>
						<line hits="0" number="1661"/>
						<line hits="0" number="1662"/>
						<line hits="0" number="1664"/>
						<line hits="1" number="1665"/>
						<line hits="0" number="1667"/>
						<line hits="0" number="1668"/>
						<line hits="0" number="1669"/>
						<line hits="0" number="1670"/>
						<line hits="0" number="1671"/>
						<line hits="0" number="1672"/>
						<line hits="0" number="1673"/>
						<line hits="0" number="1675"/>
						<line hits="0" number="1676"/>
						<line hits="0" number="1679"/>
						<line hits="0" number="1699"/>
						<line hits="0" number="1700"/>
						<line hits="0" number="1701"/>
						<line hits="0" number="1704"/>
						<line hits="0" number="1707"/>
						<line hits="0" number="1710"/>
						<line hits="0" number="1711"/>
						<line hits="0" number="1712"/>
						<line hits="0" number="1713"/>
						<line hits="0" number="1714"/>
						<line hits="0" number="1716"/>
						<line hits="0" number="1717"/>
						<line hits="0" number="1719"/>
						<line hits="0" number="1721"/>
						<line hits="0" number="1728"/>
						<line hits="0" number="1731"/>
						<line hits="0" number="1733"/>
						<line hits="0" number="1734"/>
						<line hits="0" number="1735"/>
						<line hits="0" number="1737"/>
						<line hits="0" number="1741"/>
						<line hits="0" number="1744"/>
						<line hits="0" number="1745"/>
						<line hits="0" number="1746"/>
						<line hits="0" number="1747"/>
						<line hits="0" number="1748"/>
						<line hits="0" number="1749"/>
						<line hits="0" number="1750"/>
						<line hits="0" number="1751"/>
						<line hits="0" number="1752"/>
						<line hits="0" number="1753"/>
						<line hits="0" number="1754"/>
						<line hits="0" number="1756"/>
						<line hits="0" number="1758"/>
						<line hits="0" number="1759"/>
						<line hits="0" number="1760"/>
						<line hits="0" number="1762"/>
						<line hits="0" number="1764"/>
						<line hits="0" number="1766"/>
						<line hits="0" number="1767"/>
						<line hits="0" number="1769"/>
						<line hits="0" number="1776"/>
						<line hits="0" number="1777"/>
						<line hits="0" number="1778"/>
						<line hits="0" number="1779"/>
						<line hits="0" number="1780"/>
						<line hits="0" number="1782"/>
						<line hits="0" number="1784"/>
						<line hits="0" number="1785"/>
						<line hits="0" number="1788"/>
						<line hits="0" number="1789"/>
						<line hits="0" number="1790"/>
						<line hits="0" number="1791"/>
						<line hits="0" number="1792"/>
						<line hits="0" number="1793"/>
						<line hits="0" number="1794"/>
						<line hits="0" number="1796"/>
						<line hits="0" number="1797"/>
						<line hits="0" number="1798"/>
						<line hits="0" number="1799"/>
						<line hits="0" number="1800"/>
						<line hits="0" number="1801"/>
						<line hits="0" number="1802"/>
						<line hits="0" number="1804"/>
						<line hits="0" number="1805"/>
						<line hits="0" number="1807"/>
						<line hits="0" number="1808"/>
						<line hits="0" number="1811"/>
						<line hits="0" number="1826"/>
						<line hits="0" number="1828"/>
						<line hits="0" number="1831"/>
						<line hits="0" number="1832"/>
						<line hits="0" number="1833"/>
						<line hits="0" number="1834"/>
						<line hits="0" number="1835"/>
						<line hits="0" number="1836"/>
						<line hits="0" number="1837"/>
						<line hits="0" number="1838"/>
						<line hits="0" number="1839"/>
						<line hits="0" number="1840"/>
						<line hits="0" number="1841"/>
						<line hits="0" number="1842"/>
						<line hits="0" number="1843"/>
						<line hits="0" number="1844"/>
						<line hits="0" number="1845"/>
						<line hits="0" number="1846"/>
						<line hits="0" number="1847"/>
						<line hits="0" number="1848"/>
						<line hits="0" number="1849"/>
						<line hits="0" number="1850"/>
						<line hits="0" number="1851"/>
						<line hits="0" number="1852"/>
						<line hits="0" number="1853"/>
						<line hits="0" number="1855"/>
						<line hits="0" number="1858"/>
						<line hits="0" number="1859"/>
						<line hits="0" number="1860"/>
						<line hits="0" number="1861"/>
						<line hits="0" number="1863"/>
						<line hits="0" number="1864"/>
						<line hits="0" number="1865"/>
						<line hits="0" number="1866"/>
						<line hits="0" number="1867"/>
						<line hits="0" number="1868"/>
						<line hits="0" number="1869"/>
						<line hits="0" number="1870"/>
						<line hits="0" number="1871"/>
						<line hits="0" number="1872"/>
						<line hits="0" number="1876"/>
						<line hits="0" number="1877"/>
						<line hits="0" number="1879"/>
						<line hits="0" number="1882"/>
						<line hits="0" number="1885"/>
						<line hits="0" number="1887"/>
						<line hits="0" number="1889"/>
						<line hits="0" number="1890"/>
						<line hits="0" number="1891"/>
						<line hits="0" number="1892"/>
						<line hits="0" number="1893"/>
						<line hits="0" number="1895"/>
						<line hits="0" number="1897"/>
						<line hits="0" number="1900"/>
						<line hits="0" number="1901"/>
						<line hits="0" number="1902"/>
						<line hits="0" number="1903"/>
						<line hits="0" number="1904"/>
						<line hits="0" number="1907"/>
						<line hits="0" number="1909"/>
						<line hits="0" number="1910"/>
						<line hits="0" number="1912"/>
						<line hits="0" number="1913"/>
						<line hits="0" number="1916"/>
						<line hits="0" number="1917"/>
						<line hits="0" number="1919"/>
						<line hits="0" number="1922"/>
						<line hits="0" number="1924"/>
						<line hits="0" number="1926"/>
						<line hits="0" number="1927"/>
						<line hits="0" number="1928"/>
						<line hits="0" number="1929"/>
						<line hits="0" number="1930"/>
						<line hits="0" number="1931"/>
						<line hits="0" number="1933"/>
						<line hits="0" number="1934"/>
						<line hits="0" number="1935"/>
						<line hits="0" number="1936"/>
						<line hits="0" number="1937"/>
						<line hits="0" number="1938"/>
						<line hits="0" number="1941"/>
						<line hits="1" number="1943"/>
						<line hits="1" number="1944"/>
						<line hits="1" number="1945"/>
						<line hits="1" number="1946"/>
						<line hits="1" number="1947"/>
						<line hits="1" number="1949"/>
						<line hits="1" number="1950"/>
						<line hits="1" number="1951"/>
						<line hits="0" number="1953"/>
						<line hits="0" number="1954"/>
						<line hits="0" number="1955"/>
						<line hits="0" number="1956"/>
						<line hits="0" number="1957"/>
						<line hits="0" number="1958"/>
						<line hits="0" number="1959"/>
						<line hits="0" number="1960"/>
						<line hits="0" number="1961"/>
						<line hits="0" number="1967"/>
						<line hits="0" number="1968"/>
						<line hits="0" number="1970"/>
						<line hits="1" number="1971"/>
						<line hits="1" number="1972"/>
						<line hits="1" number="1973"/>
						<line hits="1" number="1974"/>
						<line hits="1" number="1975"/>
						<line hits="1" number="1976"/>
						<line hits="0" number="1978"/>
						<line hits="1" number="1980"/>
						<line hits="0" number="1982"/>
						<line hits="1" number="2013"/>
						<line hits="1" number="2014"/>
						<line hits="1" number="2015"/>
						<line hits="1" number="2016"/>
						<line hits="0" number="2017"/>
						<line hits="1" number="2019"/>
						<line hits="0" number="2020"/>
						<line hits="1" number="2021"/>
						<line hits="1" number="2022"/>
						<line hits="0" number="2023"/>
						<line hits="0" number="2026"/>
						<line hits="1" number="2027"/>
						<line hits="0" number="2028"/>
						<line hits="1" number="2029"/>
						<line hits="1" number="2030"/>
						<line hits="1" number="2031"/>
						<line hits="1" number="2032"/>
						<line hits="1" number="2033"/>
						<line hits="0" number="2035"/>
						<line hits="0" number="2036"/>
						<line hits="0" number="2037"/>
						<line hits="0" number="2038"/>
						<line hits="0" number="2039"/>
						<line hits="0" number="2040"/>
						<line hits="0" number="2041"/>
						<line hits="0" number="2043"/>
						<line hits="0" number="2044"/>
						<line hits="0" number="2046"/>
						<line hits="1" number="2047"/>
						<line hits="1" number="2048"/>
						<line hits="1" number="2049"/>
						<line hits="1" number="2050"/>
						<line hits="1" number="2051"/>
						<line hits="0" number="2052"/>
						<line hits="0" number="2053"/>
						<line hits="1" number="2054"/>
						<line hits="0" number="2056"/>
						<line hits="1" number="2057"/>
						<line hits="0" number="2058"/>
						<line hits="1" number="2059"/>
						<line hits="0" number="2062"/>
						<line hits="0" number="2063"/>
						<line hits="1" number="2073"/>
						<line hits="1" number="2074"/>
						<line hits="1" number="2075"/>
						<line hits="1" number="2076"/>
						<line hits="0" number="2077"/>
						<line hits="0" number="2078"/>
						<line hits="0" number="2079"/>
						<line hits="0" number="2080"/>
						<line hits="1" number="2081"/>
						<line hits="1" number="2082"/>
						<line hits="1" number="2083"/>
						<line hits="0" number="2084"/>
						<line hits="1" number="2085"/>
						<line hits="0" number="2086"/>
						<line hits="0" number="2087"/>
						<line hits="1" number="2092"/>
						<line hits="0" number="2094"/>
						<line hits="0" number="2095"/>
						<line hits="1" number="2097"/>
						<line hits="0" number="2098"/>
						<line hits="1" number="2099"/>
						<line hits="1" number="2100"/>
						<line hits="1" number="2101"/>
						<line hits="1" number="2102"/>
						<line hits="0" number="2103"/>
						<line hits="1" number="2104"/>
						<line hits="1" number="2105"/>
						<line hits="0" number="2107"/>
						<line hits="0" number="2108"/>
						<line hits="1" number="2110"/>
						<line hits="0" number="2111"/>
						<line hits="1" number="2113"/>
						<line hits="1" number="2114"/>
						<line hits="1" number="2115"/>
						<line hits="1" number="2116"/>
						<line hits="1" number="2117"/>
						<line hits="1" number="2118"/>
						<line hits="0" number="2119"/>
						<line hits="1" number="2120"/>
						<line hits="1" number="2121"/>
						<line hits="0" number="2122"/>
						<line hits="1" number="2123"/>
						<line hits="1" number="2124"/>
						<line hits="0" number="2127"/>
						<line hits="0" number="2128"/>
						<line hits="0" number="2129"/>
						<line hits="0" number="2130"/>
						<line hits="0" number="2131"/>
						<line hits="0" number="2132"/>
						<line hits="0" number="2133"/>
						<line hits="0" number="2136"/>
						<line hits="0" number="2138"/>
						<line hits="0" number="2140"/>
						<line hits="0" number="2143"/>
						<line hits="0" number="2144"/>
						<line hits="0" number="2145"/>
						<line hits="0" number="2146"/>
						<line hits="0" number="2147"/>
						<line hits="0" number="2148"/>
						<line hits="0" number="2149"/>
						<line hits="0" number="2150"/>
						<line hits="0" number="2152"/>
						<line hits="0" number="2153"/>
						<line hits="0" number="2154"/>
						<line hits="0" number="2155"/>
						<line hits="0" number="2156"/>
						<line hits="0" number="2158"/>
						<line hits="0" number="2159"/>
						<line hits="0" number="2160"/>
						<line hits="0" number="2163"/>
						<line hits="0" number="2164"/>
						<line hits="0" number="2169"/>
						<line hits="0" number="2179"/>
						<line hits="0" number="2180"/>
						<line hits="0" number="2181"/>
						<line hits="0" number="2182"/>
						<line hits="0" number="2183"/>
						<line hits="0" number="2184"/>
						<line hits="0" number="2185"/>
						<line hits="0" number="2186"/>
						<line hits="0" number="2187"/>
						<line hits="0" number="2188"/>
						<line hits="0" number="2189"/>
						<line hits="0" number="2191"/>
						<line hits="0" number="2192"/>
						<line hits="0" number="2193"/>
						<line hits="0" number="2194"/>
						<line hits="0" number="2200"/>
						<line hits="0" number="2202"/>
						<line hits="0" number="2203"/>
						<line hits="0" number="2204"/>
						<line hits="0" number="2205"/>
						<line hits="0" number="2206"/>
						<line hits="0" number="2208"/>
						<line hits="0" number="2210"/>
						<line hits="0" number="2211"/>
						<line hits="0" number="2212"/>
						<line hits="0" number="2213"/>
						<line hits="0" number="2214"/>
						<line hits="0" number="2216"/>
						<line hits="0" number="2218"/>
						<line hits="0" number="2219"/>
						<line hits="0" number="2220"/>
						<line hits="0" number="2221"/>
						<line hits="0" number="2222"/>
						<line hits="0" number="2223"/>
						<line hits="0" number="2224"/>
						<line hits="0" number="2226"/>
						<line hits="0" number="2230"/>
						<line hits="0" number="2232"/>
						<line hits="0" number="2233"/>
						<line hits="0" number="2234"/>
						<line hits="0" number="2235"/>
						<line hits="0" number="2236"/>
						<line hits="0" number="2237"/>
						<line hits="0" number="2238"/>
						<line hits="0" number="2239"/>
						<line hits="0" number="2240"/>
						<line hits="0" number="2241"/>
						<line hits="0" number="2242"/>
						<line hits="0" number="2243"/>
						<line hits="0" number="2244"/>
						<line hits="0" number="2245"/>
						<line hits="0" number="2246"/>
						<line hits="0" number="2247"/>
						<line hits="0" number="2249"/>
						<line hits="1" number="2251"/>
						<line hits="1" number="2252"/>
						<line hits="1" number="2253"/>
						<line hits="1" number="2254"/>
						<line hits="0" number="2255"/>
						<line hits="0" number="2256"/>
						<line hits="0" number="2257"/>
						<line hits="0" number="2258"/>
						<line hits="1" number="2261"/>
						<line hits="0" number="2263"/>
						<line hits="1" number="2264"/>
						<line hits="1" number="2265"/>
						<line hits="1" number="2266"/>
						<line hits="0" number="2268"/>
						<line hits="0" number="2270"/>
						<line hits="0" number="2271"/>
						<line hits="0" number="2272"/>
						<line hits="0" number="2273"/>
						<line hits="0" number="2274"/>
						<line hits="0" number="2276"/>
						<line hits="0" number="2278"/>
						<line hits="0" number="2283"/>
						<line hits="0" number="2284"/>
						<line hits="0" number="2285"/>
						<line hits="0" number="2287"/>
						<line hits="0" number="2288"/>
						<line hits="0" number="2289"/>
						<line hits="0" number="2291"/>
						<line hits="0" number="2293"/>
						<line hits="0" number="2294"/>
						<line hits="0" number="2295"/>
						<line hits="0" number="2296"/>
						<line hits="0" number="2297"/>
						<line hits="0" number="2299"/>
						<line hits="1" number="2301"/>
						<line hits="1" number="2302"/>
						<line hits="1" number="2303"/>
						<line hits="0" number="2305"/>
						<line hits="0" number="2306"/>
						<line hits="0" number="2307"/>
						<line hits="0" number="2312"/>
						<line hits="0" number="2314"/>
						<line hits="0" number="2316"/>
						<line hits="0" number="2318"/>
						<line hits="0" number="2319"/>
						<line hits="0" number="2320"/>
						<line hits="0" number="2321"/>
						<line hits="0" number="2323"/>
						<line hits="1" number="2325"/>
						<line hits="1" number="2326"/>
						<line hits="1" number="2327"/>
						<line hits="1" number="2328"/>
						<line hits="1" number="2331"/>
						<line hits="1" number="2332"/>
						<line hits="0" number="2333"/>
						<line hits="0" number="2335"/>
						<line hits="0" number="2337"/>
						<line hits="0" number="2339"/>
						<line hits="0" number="2342"/>
						<line hits="0" number="2343"/>
						<line hits="0" number="2344"/>
						<line hits="0" number="2346"/>
						<line hits="0" number="2347"/>
						<line hits="0" number="2348"/>
						<line hits="0" number="2350"/>
						<line hits="0" number="2351"/>
						<line hits="0" number="2352"/>
						<line hits="0" number="2353"/>
						<line hits="0" number="2355"/>
						<line hits="0" number="2356"/>
						<line hits="0" number="2357"/>
						<line hits="0" number="2358"/>
						<line hits="0" number="2359"/>
						<line hits="0" number="2361"/>
						<line hits="0" number="2362"/>
						<line hits="0" number="2363"/>
						<line hits="0" number="2364"/>
						<line hits="0" number="2367"/>
						<line hits="0" number="2368"/>
						<line hits="0" number="2369"/>
						<line hits="0" number="2370"/>
						<line hits="0" number="2371"/>
						<line hits="0" number="2373"/>
						<line hits="0" number="2374"/>
						<line hits="0" number="2376"/>
						<line hits="0" number="2378"/>
						<line hits="0" number="2379"/>
						<line hits="0" number="2380"/>
						<line hits="0" number="2382"/>
						<line hits="0" number="2383"/>
						<line hits="0" number="2384"/>
						<line hits="0" number="2385"/>
						<line hits="0" number="2387"/>
						<line hits="0" number="2388"/>
						<line hits="0" number="2389"/>
						<line hits="0" number="2390"/>
						<line hits="0" number="2391"/>
						<line hits="0" number="2393"/>
						<line hits="0" number="2394"/>
						<line hits="0" number="2399"/>
						<line hits="0" number="2400"/>
						<line hits="0" number="2401"/>
						<line hits="0" number="2402"/>
						<line hits="0" number="2403"/>
						<line hits="0" number="2404"/>
						<line hits="0" number="2405"/>
						<line hits="0" number="2407"/>
						<line hits="0" number="2409"/>
						<line hits="0" number="2413"/>
						<line hits="0" number="2414"/>
						<line hits="0" number="2415"/>
						<line hits="0" number="2417"/>
						<line hits="0" number="2419"/>
						<line hits="0" number="2422"/>
						<line hits="0" number="2424"/>
						<line hits="0" number="2425"/>
						<line hits="0" number="2427"/>
						<line hits="1" number="2430"/>
						<line hits="1" number="2431"/>
						<line hits="1" number="2432"/>
						<line hits="1" number="2433"/>
						<line hits="1" number="2434"/>
						<line hits="1" number="2435"/>
						<line hits="0" number="2437"/>
						<line hits="1" number="2439"/>
						<line hits="1" number="2440"/>
						<line hits="1" number="2441"/>
						<line hits="1" number="2442"/>
						<line hits="1" number="2443"/>
						<line hits="0" number="2445"/>
						<line hits="1" number="2450"/>
						<line hits="1" number="2451"/>
						<line hits="1" number="2452"/>
						<line hits="1" number="2453"/>
						<line hits="1" number="2454"/>
						<line hits="1" number="2455"/>
						<line hits="0" number="2457"/>
						<line hits="1" number="2459"/>
						<line hits="1" number="2460"/>
						<line hits="1" number="2462"/>
						<line hits="1" number="2464"/>
						<line hits="1" number="2465"/>
						<line hits="1" number="2466"/>
						<line hits="1" number="2467"/>
						<line hits="1" number="2468"/>
						<line hits="1" number="2470"/>
						<line hits="1" number="2471"/>
						<line hits="1" number="2472"/>
						<line hits="1" number="2473"/>
						<line hits="1" number="2475"/>
						<line hits="1" number="2476"/>
						<line hits="1" number="2478"/>
						<line hits="1" number="2479"/>
						<line hits="1" number="2480"/>
						<line hits="1" number="2482"/>
						<line hits="0" number="2485"/>
						<line hits="0" number="2492"/>
						<line hits="0" number="2493"/>
						<line hits="0" number="2494"/>
						<line hits="0" number="2495"/>
						<line hits="0" number="2498"/>
						<line hits="0" number="2499"/>
						<line hits="0" number="2500"/>
						<line hits="0" number="2501"/>
						<line hits="0" number="2502"/>
						<line hits="0" number="2503"/>
						<line hits="0" number="2506"/>
						<line hits="1" number="2513"/>
						<line hits="1" number="2515"/>
						<line hits="1" number="2517"/>
						<line hits="1" number="2519"/>
						<line hits="1" number="2520"/>
						<line hits="0" number="2521"/>
						<line hits="0" number="2522"/>
						<line hits="0" number="2523"/>
						<line hits="0" number="2524"/>
						<line hits="0" number="2525"/>
						<line hits="1" number="2529"/>
						<line hits="1" number="2530"/>
						<line hits="0" number="2531"/>
						<line hits="1" number="2533"/>
						<line hits="1" number="2534"/>
						<line hits="1" number="2536"/>
						<line hits="1" number="2537"/>
						<line hits="0" number="2538"/>
						<line hits="1" number="2539"/>
						<line hits="0" number="2540"/>
						<line hits="1" number="2544"/>
						<line hits="1" number="2545"/>
						<line hits="1" number="2546"/>
						<line hits="1" number="2548"/>
						<line hits="1" number="2549"/>
						<line hits="1" number="2550"/>
						<line hits="0" number="2551"/>
						<line hits="1" number="2552"/>
						<line hits="1" number="2553"/>
						<line hits="1" number="2554"/>
						<line hits="1" number="2556"/>
						<line hits="1" number="2557"/>
						<line hits="1" number="2558"/>
						<line hits="1" number="2559"/>
						<line hits="1" number="2563"/>
						<line hits="1" number="2564"/>
						<line hits="1" number="2565"/>
						<line hits="0" number="2568"/>
						<line hits="0" number="2569"/>
						<line hits="0" number="2570"/>
						<line hits="0" number="2571"/>
						<line hits="0" number="2574"/>
						<line hits="0" number="2575"/>
						<line hits="1" number="2577"/>
						<line hits="1" number="2578"/>
						<line hits="1" number="2579"/>
						<line hits="1" number="2580"/>
						<line hits="1" number="2581"/>
						<line hits="1" number="2582"/>
						<line hits="1" number="2583"/>
						<line hits="1" number="2587"/>
						<line hits="0" number="2589"/>
						<line hits="0" number="2590"/>
						<line hits="0" number="2591"/>
						<line hits="0" number="2592"/>
						<line hits="0" number="2593"/>
						<line hits="0" number="2595"/>
						<line hits="0" number="2596"/>
						<line hits="0" number="2598"/>
						<line hits="0" number="2599"/>
						<line hits="0" number="2600"/>
						<line hits="0" number="2601"/>
						<line hits="0" number="2602"/>
						<line hits="0" number="2603"/>
						<line hits="0" number="2604"/>
						<line hits="0" number="2605"/>
						<line hits="0" number="2606"/>
						<line hits="0" number="2607"/>
						<line hits="0" number="2608"/>
						<line hits="0" number="2609"/>
						<line hits="0" number="2610"/>
						<line hits="0" number="2611"/>
						<line hits="0" number="2612"/>
						<line hits="0" number="2613"/>
						<line hits="0" number="2614"/>
						<line hits="0" number="2615"/>
						<line hits="0" number="2616"/>
						<line hits="0" number="2618"/>
						<line hits="1" number="2619"/>
						<line hits="0" number="2621"/>
						<line hits="0" number="2623"/>
						<line hits="1" number="2625"/>
						<line hits="1" number="2626"/>
						<line hits="1" number="2627"/>
						<line hits="1" number="2628"/>
						<line hits="0" number="2629"/>
						<line hits="0" number="2630"/>
						<line hits="0" number="2632"/>
						<line hits="0" number="2643"/>
						<line hits="0" number="2645"/>
						<line hits="0" number="2646"/>
						<line hits="0" number="2647"/>
						<line hits="0" number="2648"/>
						<line hits="0" number="2650"/>
						<line hits="0" number="2652"/>
						<line hits="0" number="2653"/>
						<line hits="0" number="2654"/>
						<line hits="0" number="2657"/>
						<line hits="0" number="2659"/>
						<line hits="0" number="2660"/>
						<line hits="0" number="2661"/>
						<line hits="0" number="2663"/>
						<line hits="1" number="2671"/>
						<line hits="1" number="2672"/>
						<line hits="1" number="2673"/>
						<line hits="1" number="2674"/>
						<line hits="1" number="2675"/>
						<line hits="1" number="2676"/>
						<line hits="1" number="2677"/>
						<line hits="1" number="2678"/>
						<line hits="1" number="2679"/>
						<line hits="0" number="2681"/>
						<line hits="1" number="2683"/>
						<line hits="1" number="2686"/>
						<line hits="0" number="2688"/>
						<line hits="0" number="2689"/>
						<line hits="0" number="2690"/>
						<line hits="0" number="2691"/>
						<line hits="0" number="2692"/>
						<line hits="0" number="2693"/>
						<line hits="0" number="2695"/>
						<line hits="0" number="2699"/>
						<line hits="0" number="2700"/>
						<line hits="0" number="2701"/>
						<line hits="0" number="2702"/>
						<line hits="0" number="2703"/>
						<line hits="0" number="2704"/>
						<line hits="0" number="2707"/>
						<line hits="0" number="2708"/>
						<line hits="0" number="2710"/>
						<line hits="0" number="2711"/>
						<line hits="0" number="2712"/>
						<line hits="0" number="2715"/>
						<line hits="0" number="2716"/>
						<line hits="0" number="2717"/>
						<line hits="0" number="2718"/>
						<line hits="0" number="2719"/>
						<line hits="0" number="2722"/>
						<line hits="0" number="2723"/>
						<line hits="0" number="2724"/>
						<line hits="0" number="2725"/>
						<line hits="0" number="2726"/>
						<line hits="0" number="2728"/>
						<line hits="0" number="2729"/>
						<line hits="0" number="2730"/>
						<line hits="0" number="2731"/>
						<line hits="0" number="2732"/>
						<line hits="0" number="2736"/>
						<line hits="0" number="2737"/>
						<line hits="0" number="2738"/>
					</lines>
				</class>
				<class branch-rate="0" complexity="0" filename="/home/vagrant/python2_venv/lib/python2.7/site-packages/setuptools/__init__.py" line-rate="0.7321" name="/home/vagrant/python2_venv/lib/python2.7/site-packages/setuptools/__init__">
					<methods/>
					<lines>
						<line hits="1" number="3"/>
						<line hits="1" number="4"/>
						<line hits="1" number="5"/>
						<line hits="1" number="6"/>
						<line hits="1" number="7"/>
						<line hits="1" number="8"/>
						<line hits="1" number="10"/>
						<line hits="1" number="11"/>
						<line hits="1" number="12"/>
						<line hits="1" number="13"/>
						<line hits="1" number="15"/>
						<line hits="1" number="20"/>
						<line hits="1" number="22"/>
						<line hits="1" number="26"/>
						<line hits="1" number="28"/>
						<line hits="1" number="30"/>
						<line hits="1" number="39"/>
						<line hits="1" number="40"/>
						<line hits="1" number="41"/>
						<line hits="1" number="42"/>
						<line hits="1" number="43"/>
						<line hits="1" number="44"/>
						<line hits="1" number="45"/>
						<line hits="1" number="50"/>
						<line hits="1" number="51"/>
						<line hits="1" number="52"/>
						<line hits="1" number="53"/>
						<line hits="1" number="54"/>
						<line hits="1" number="55"/>
						<line hits="1" number="56"/>
						<line hits="1" number="58"/>
						<line hits="1" number="60"/>
						<line hits="1" number="62"/>
						<line hits="1" number="63"/>
						<line hits="1" number="65"/>
						<line hits="1" number="67"/>
						<line hits="0" number="69"/>
						<line hits="0" number="70"/>
						<line hits="0" number="71"/>
						<line hits="1" number="73"/>
						<line hits="0" number="74"/>
						<line hits="0" number="75"/>
						<line hits="0" number="76"/>
						<line hits="0" number="77"/>
						<line hits="1" number="79"/>
						<line hits="1" number="81"/>
						<line hits="0" number="85"/>
						<line hits="0" number="86"/>
						<line hits="0" number="87"/>
						<line hits="0" number="88"/>
						<line hits="0" number="89"/>
						<line hits="0" number="90"/>
						<line hits="0" number="91"/>
						<line hits="0" number="92"/>
						<line hits="1" number="94"/>
						<line hits="1" number="97"/>
					</lines>
				</class>
				<class branch-rate="0" complexity="0" filename="/home/vagrant/python2_venv/lib/python2.7/site-packages/setuptools/command/__init__.py" line-rate="1" name="/home/vagrant/python2_venv/lib/python2.7/site-packages/setuptools/command/__init__">
					<methods/>
					<lines>
						<line hits="1" number="1"/>
						<line hits="1" number="8"/>
						<line hits="1" number="9"/>
						<line hits="1" number="11"/>
						<line hits="1" number="13"/>
						<line hits="1" number="14"/>
						<line hits="1" number="15"/>
						<line hits="1" number="17"/>
					</lines>
				</class>
				<class branch-rate="0" complexity="0" filename="/home/vagrant/python2_venv/lib/python2.7/site-packages/setuptools/command/install_scripts.py" line-rate="0.2222" name="/home/vagrant/python2_venv/lib/python2.7/site-packages/setuptools/command/install_scripts">
					<methods/>
					<lines>
						<line hits="1" number="1"/>
						<line hits="1" number="3"/>
						<line hits="1" number="4"/>
						<line hits="1" number="5"/>
						<line hits="1" number="7"/>
						<line hits="1" number="10"/>
						<line hits="0" number="11"/>
						<line hits="0" number="12"/>
						<line hits="1" number="14"/>
						<line hits="0" number="15"/>
						<line hits="0" number="16"/>
						<line hits="0" number="18"/>
						<line hits="0" number="19"/>
						<line hits="0" number="20"/>
						<line hits="0" number="22"/>
						<line hits="0" number="23"/>
						<line hits="0" number="25"/>
						<line hits="0" number="27"/>
						<line hits="0" number="28"/>
						<line hits="0" number="32"/>
						<line hits="0" number="33"/>
						<line hits="0" number="34"/>
						<line hits="0" number="37"/>
						<line hits="0" number="38"/>
						<line hits="1" number="40"/>
						<line hits="0" number="42"/>
						<line hits="0" number="43"/>
						<line hits="0" number="44"/>
						<line hits="0" number="45"/>
						<line hits="0" number="47"/>
						<line hits="0" number="48"/>
						<line hits="0" number="49"/>
						<line hits="0" number="50"/>
						<line hits="0" number="51"/>
						<line hits="0" number="52"/>
						<line hits="0" number="53"/>
					</lines>
				</class>
				<class branch-rate="0" complexity="0" filename="/home/vagrant/python2_venv/lib/python2.7/site-packages/setuptools/command/test.py" line-rate="0.1616" name="/home/vagrant/python2_venv/lib/python2.7/site-packages/setuptools/command/test">
					<methods/>
					<lines>
						<line hits="1" number="1"/>
						<line hits="1" number="2"/>
						<line hits="1" number="3"/>
						<line hits="1" number="4"/>
						<line hits="1" number="5"/>
						<line hits="1" number="6"/>
						<line hits="1" number="8"/>
						<line hits="1" number="10"/>
						<line hits="0" number="17"/>
						<line hits="0" number="18"/>
						<line hits="0" number="19"/>
						<line hits="0" number="21"/>
						<line hits="0" number="22"/>
						<line hits="0" number="24"/>
						<line hits="0" number="25"/>
						<line hits="0" number="26"/>
						<line hits="0" number="27"/>
						<line hits="0" number="29"/>
						<line hits="0" number="32"/>
						<line hits="0" number="34"/>
						<line hits="0" number="35"/>
						<line hits="0" number="37"/>
						<line hits="0" number="38"/>
						<line hits="0" number="40"/>
						<line hits="1" number="43"/>
						<line hits="1" number="47"/>
						<line hits="1" number="49"/>
						<line hits="1" number="55"/>
						<line hits="0" number="56"/>
						<line hits="0" number="57"/>
						<line hits="0" number="58"/>
						<line hits="1" number="61"/>
						<line hits="0" number="63"/>
						<line hits="0" number="64"/>
						<line hits="0" number="65"/>
						<line hits="0" number="67"/>
						<line hits="0" number="68"/>
						<line hits="0" number="69"/>
						<line hits="0" number="73"/>
						<line hits="0" number="75"/>
						<line hits="0" number="76"/>
						<line hits="0" number="77"/>
						<line hits="0" number="78"/>
						<line hits="0" number="79"/>
						<line hits="0" number="80"/>
						<line hits="1" number="84"/>
						<line hits="0" number="85"/>
						<line hits="0" number="89"/>
						<line hits="0" number="90"/>
						<line hits="0" number="91"/>
						<line hits="0" number="92"/>
						<line hits="0" number="95"/>
						<line hits="0" number="96"/>
						<line hits="0" number="98"/>
						<line hits="0" number="99"/>
						<line hits="0" number="102"/>
						<line hits="0" number="105"/>
						<line hits="0" number="106"/>
						<line hits="0" number="108"/>
						<line hits="0" number="110"/>
						<line hits="0" number="111"/>
						<line hits="0" number="113"/>
						<line hits="0" number="114"/>
						<line hits="0" number="115"/>
						<line hits="0" number="116"/>
						<line hits="0" number="117"/>
						<line hits="0" number="118"/>
						<line hits="0" number="120"/>
						<line hits="0" number="121"/>
						<line hits="0" number="122"/>
						<line hits="0" number="123"/>
						<line hits="1" number="126"/>
						<line hits="0" number="127"/>
						<line hits="0" number="128"/>
						<line hits="0" number="129"/>
						<line hits="0" number="130"/>
						<line hits="0" number="132"/>
						<line hits="0" number="133"/>
						<line hits="0" number="134"/>
						<line hits="0" number="135"/>
						<line hits="0" number="137"/>
						<line hits="0" number="138"/>
						<line hits="1" number="141"/>
						<line hits="0" number="142"/>
						<line hits="0" number="147"/>
						<line hits="0" number="148"/>
						<line hits="0" number="149"/>
						<line hits="0" number="150"/>
						<line hits="0" number="151"/>
						<line hits="0" number="152"/>
						<line hits="0" number="153"/>
						<line hits="0" number="154"/>
						<line hits="0" number="155"/>
						<line hits="0" number="156"/>
						<line hits="0" number="157"/>
						<line hits="0" number="159"/>
						<line hits="0" number="160"/>
						<line hits="0" number="161"/>
						<line hits="0" number="162"/>
					</lines>
				</class>
				<class branch-rate="0" complexity="0" filename="/home/vagrant/python2_venv/lib/python2.7/site-packages/setuptools/compat.py" line-rate="0.4507" name="/home/vagrant/python2_venv/lib/python2.7/site-packages/setuptools/compat">
					<methods/>
					<lines>
						<line hits="1" number="1"/>
						<line hits="1" number="2"/>
						<line hits="1" number="4"/>
						<line hits="1" number="5"/>
						<line hits="1" number="7"/>
						<line hits="1" number="8"/>
						<line hits="1" number="9"/>
						<line hits="1" number="10"/>
						<line hits="1" number="11"/>
						<line hits="1" number="12"/>
						<line hits="1" number="13"/>
						<line hits="1" number="14"/>
						<line hits="1" number="15"/>
						<line hits="1" number="16"/>
						<line hits="1" number="17"/>
						<line hits="1" number="18"/>
						<line hits="1" number="19"/>
						<line hits="1" number="20"/>
						<line hits="1" number="21"/>
						<line hits="1" number="22"/>
						<line hits="1" number="23"/>
						<line hits="1" number="24"/>
						<line hits="1" number="25"/>
						<line hits="1" number="26"/>
						<line hits="1" number="27"/>
						<line hits="1" number="28"/>
						<line hits="1" number="29"/>
						<line hits="1" number="30"/>
						<line hits="1" number="31"/>
						<line hits="1" number="32"/>
						<line hits="1" number="33"/>
						<line hits="1" number="35"/>
						<line hits="0" number="38"/>
						<line hits="0" number="40"/>
						<line hits="0" number="41"/>
						<line hits="0" number="42"/>
						<line hits="0" number="43"/>
						<line hits="0" number="44"/>
						<line hits="0" number="45"/>
						<line hits="0" number="46"/>
						<line hits="0" number="47"/>
						<line hits="0" number="48"/>
						<line hits="0" number="49"/>
						<line hits="0" number="50"/>
						<line hits="0" number="51"/>
						<line hits="0" number="52"/>
						<line hits="0" number="53"/>
						<line hits="0" number="54"/>
						<line hits="0" number="55"/>
						<line hits="0" number="56"/>
						<line hits="0" number="57"/>
						<line hits="0" number="58"/>
						<line hits="0" number="59"/>
						<line hits="0" number="60"/>
						<line hits="0" number="61"/>
						<line hits="0" number="62"/>
						<line hits="0" number="66"/>
						<line hits="0" number="68"/>
						<line hits="0" number="69"/>
						<line hits="0" number="70"/>
						<line hits="0" number="71"/>
						<line hits="0" number="72"/>
						<line hits="0" number="73"/>
						<line hits="0" number="74"/>
						<line hits="0" number="75"/>
						<line hits="0" number="77"/>
						<line hits="0" number="78"/>
						<line hits="0" number="80"/>
						<line hits="0" number="81"/>
						<line hits="0" number="82"/>
						<line hits="0" number="83"/>
					</lines>
				</class>
				<class branch-rate="0" complexity="0" filename="/home/vagrant/python2_venv/lib/python2.7/site-packages/setuptools/depends.py" line-rate="0.1604" name="/home/vagrant/python2_venv/lib/python2.7/site-packages/setuptools/depends">
					<methods/>
					<lines>
						<line hits="1" number="1"/>
						<line hits="1" number="2"/>
						<line hits="1" number="3"/>
						<line hits="1" number="4"/>
						<line hits="1" number="6"/>
						<line hits="1" number="10"/>
						<line hits="1" number="13"/>
						<line hits="0" number="17"/>
						<line hits="0" number="18"/>
						<line hits="0" number="20"/>
						<line hits="0" number="21"/>
						<line hits="0" number="22"/>
						<line hits="0" number="23"/>
						<line hits="0" number="25"/>
						<line hits="0" number="26"/>
						<line hits="1" number="29"/>
						<line hits="0" number="31"/>
						<line hits="0" number="32"/>
						<line hits="0" number="33"/>
						<line hits="1" number="36"/>
						<line hits="0" number="38"/>
						<line hits="1" number="42"/>
						<line hits="0" number="54"/>
						<line hits="0" number="55"/>
						<line hits="0" number="56"/>
						<line hits="0" number="57"/>
						<line hits="0" number="58"/>
						<line hits="0" number="59"/>
						<line hits="0" number="60"/>
						<line hits="0" number="62"/>
						<line hits="0" number="64"/>
						<line hits="0" number="65"/>
						<line hits="0" number="67"/>
						<line hits="1" number="70"/>
						<line hits="0" number="72"/>
						<line hits="1" number="75"/>
						<line hits="0" number="77"/>
						<line hits="0" number="78"/>
						<line hits="0" number="79"/>
						<line hits="0" number="80"/>
						<line hits="1" number="83"/>
						<line hits="0" number="87"/>
						<line hits="0" number="88"/>
						<line hits="0" number="90"/>
						<line hits="0" number="91"/>
						<line hits="0" number="93"/>
						<line hits="0" number="94"/>
						<line hits="0" number="96"/>
						<line hits="0" number="98"/>
						<line hits="0" number="100"/>
						<line hits="0" number="102"/>
						<line hits="0" number="103"/>
						<line hits="0" number="105"/>
						<line hits="0" number="106"/>
						<line hits="0" number="107"/>
						<line hits="0" number="110"/>
						<line hits="0" number="111"/>
						<line hits="0" number="113"/>
						<line hits="1" number="124"/>
						<line hits="0" number="127"/>
						<line hits="0" number="129"/>
						<line hits="0" number="130"/>
						<line hits="0" number="131"/>
						<line hits="0" number="133"/>
						<line hits="0" number="134"/>
						<line hits="0" number="135"/>
						<line hits="0" number="137"/>
						<line hits="0" number="138"/>
						<line hits="0" number="140"/>
						<line hits="1" number="165"/>
						<line hits="0" number="173"/>
						<line hits="0" number="174"/>
						<line hits="0" number="175"/>
						<line hits="0" number="177"/>
						<line hits="0" number="179"/>
						<line hits="0" number="180"/>
						<line hits="0" number="181"/>
						<line hits="0" number="182"/>
						<line hits="0" number="183"/>
						<line hits="0" number="184"/>
						<line hits="0" number="185"/>
						<line hits="0" number="186"/>
						<line hits="0" number="189"/>
						<line hits="0" number="190"/>
						<line hits="0" number="191"/>
						<line hits="0" number="194"/>
						<line hits="0" number="195"/>
						<line hits="0" number="197"/>
						<line hits="1" number="206"/>
						<line hits="0" number="219"/>
						<line hits="0" number="221"/>
						<line hits="0" number="223"/>
						<line hits="0" number="225"/>
						<line hits="0" number="226"/>
						<line hits="0" number="227"/>
						<line hits="0" number="229"/>
						<line hits="0" number="231"/>
						<line hits="0" number="233"/>
						<line hits="0" number="234"/>
						<line hits="0" number="235"/>
						<line hits="0" number="236"/>
						<line hits="0" number="238"/>
						<line hits="1" number="240"/>
						<line hits="0" number="242"/>
						<line hits="0" number="243"/>
						<line hits="0" number="244"/>
					</lines>
				</class>
				<class branch-rate="0" complexity="0" filename="/home/vagrant/python2_venv/lib/python2.7/site-packages/setuptools/dist.py" line-rate="0.3496" name="/home/vagrant/python2_venv/lib/python2.7/site-packages/setuptools/dist">
					<methods/>
					<lines>
						<line hits="1" number="1"/>
						<line hits="1" number="3"/>
						<line hits="1" number="4"/>
						<line hits="1" number="5"/>
						<line hits="1" number="6"/>
						<line hits="1" number="7"/>
						<line hits="1" number="8"/>
						<line hits="1" number="9"/>
						<line hits="1" number="10"/>
						<line hits="1" number="11"/>
						<line hits="1" number="14"/>
						<line hits="1" number="15"/>
						<line hits="1" number="16"/>
						<line hits="1" number="18"/>
						<line hits="1" number="24"/>
						<line hits="0" number="25"/>
						<line hits="1" number="26"/>
						<line hits="0" number="27"/>
						<line hits="1" number="30"/>
						<line hits="1" number="32"/>
						<line hits="1" number="34"/>
						<line hits="1" number="36"/>
						<line hits="0" number="37"/>
						<line hits="0" number="38"/>
						<line hits="0" number="39"/>
						<line hits="0" number="40"/>
						<line hits="0" number="41"/>
						<line hits="1" number="47"/>
						<line hits="1" number="49"/>
						<line hits="1" number="50"/>
						<line hits="0" number="51"/>
						<line hits="0" number="52"/>
						<line hits="1" number="55"/>
						<line hits="0" number="57"/>
						<line hits="0" number="58"/>
						<line hits="0" number="59"/>
						<line hits="0" number="60"/>
						<line hits="0" number="64"/>
						<line hits="0" number="65"/>
						<line hits="0" number="66"/>
						<line hits="0" number="67"/>
						<line hits="1" number="72"/>
						<line hits="0" number="74"/>
						<line hits="0" number="75"/>
						<line hits="0" number="76"/>
						<line hits="0" number="77"/>
						<line hits="0" number="78"/>
						<line hits="0" number="79"/>
						<line hits="0" number="80"/>
						<line hits="0" number="81"/>
						<line hits="0" number="82"/>
						<line hits="1" number="88"/>
						<line hits="1" number="90"/>
						<line hits="0" number="91"/>
						<line hits="1" number="94"/>
						<line hits="1" number="96"/>
						<line hits="1" number="97"/>
						<line hits="0" number="98"/>
						<line hits="0" number="99"/>
						<line hits="1" number="103"/>
						<line hits="0" number="105"/>
						<line hits="0" number="106"/>
						<line hits="0" number="107"/>
						<line hits="0" number="108"/>
						<line hits="0" number="109"/>
						<line hits="1" number="111"/>
						<line hits="1" number="112"/>
						<line hits="0" number="113"/>
						<line hits="1" number="115"/>
						<line hits="1" number="117"/>
						<line hits="1" number="118"/>
						<line hits="0" number="119"/>
						<line hits="0" number="120"/>
						<line hits="0" number="121"/>
						<line hits="0" number="122"/>
						<line hits="1" number="124"/>
						<line hits="0" number="125"/>
						<line hits="1" number="130"/>
						<line hits="1" number="131"/>
						<line hits="1" number="132"/>
						<line hits="0" number="133"/>
						<line hits="1" number="139"/>
						<line hits="1" number="207"/>
						<line hits="1" number="209"/>
						<line hits="1" number="214"/>
						<line hits="0" number="215"/>
						<line hits="1" number="216"/>
						<line hits="1" number="217"/>
						<line hits="1" number="218"/>
						<line hits="0" number="219"/>
						<line hits="0" number="220"/>
						<line hits="1" number="222"/>
						<line hits="1" number="223"/>
						<line hits="1" number="224"/>
						<line hits="1" number="225"/>
						<line hits="1" number="226"/>
						<line hits="1" number="227"/>
						<line hits="0" number="228"/>
						<line hits="1" number="229"/>
						<line hits="1" number="230"/>
						<line hits="1" number="231"/>
						<line hits="1" number="232"/>
						<line hits="1" number="233"/>
						<line hits="1" number="235"/>
						<line hits="1" number="236"/>
						<line hits="1" number="237"/>
						<line hits="1" number="238"/>
						<line hits="0" number="239"/>
						<line hits="1" number="240"/>
						<line hits="1" number="241"/>
						<line hits="1" number="242"/>
						<line hits="1" number="243"/>
						<line hits="1" number="244"/>
						<line hits="0" number="246"/>
						<line hits="1" number="248"/>
						<line hits="1" number="250"/>
						<line hits="1" number="251"/>
						<line hits="0" number="252"/>
						<line hits="1" number="253"/>
						<line hits="1" number="255"/>
						<line hits="0" number="257"/>
						<line hits="1" number="259"/>
						<line hits="0" number="261"/>
						<line hits="0" number="262"/>
						<line hits="0" number="266"/>
						<line hits="1" number="268"/>
						<line hits="1" number="269"/>
						<line hits="1" number="270"/>
						<line hits="0" number="271"/>
						<line hits="1" number="273"/>
						<line hits="1" number="274"/>
						<line hits="1" number="275"/>
						<line hits="1" number="276"/>
						<line hits="1" number="277"/>
						<line hits="1" number="278"/>
						<line hits="0" number="280"/>
						<line hits="1" number="282"/>
						<line hits="1" number="284"/>
						<line hits="0" number="287"/>
						<line hits="0" number="288"/>
						<line hits="0" number="289"/>
						<line hits="0" number="290"/>
						<line hits="0" number="291"/>
						<line hits="0" number="292"/>
						<line hits="0" number="293"/>
						<line hits="0" number="294"/>
						<line hits="0" number="295"/>
						<line hits="0" number="299"/>
						<line hits="0" number="300"/>
						<line hits="0" number="301"/>
						<line hits="0" number="302"/>
						<line hits="0" number="303"/>
						<line hits="0" number="304"/>
						<line hits="0" number="305"/>
						<line hits="0" number="306"/>
						<line hits="0" number="307"/>
						<line hits="0" number="312"/>
						<line hits="0" number="313"/>
						<line hits="0" number="314"/>
						<line hits="1" number="316"/>
						<line hits="0" number="319"/>
						<line hits="0" number="320"/>
						<line hits="0" number="322"/>
						<line hits="0" number="323"/>
						<line hits="0" number="324"/>
						<line hits="0" number="326"/>
						<line hits="0" number="327"/>
						<line hits="0" number="328"/>
						<line hits="0" number="329"/>
						<line hits="0" number="330"/>
						<line hits="0" number="331"/>
						<line hits="0" number="333"/>
						<line hits="0" number="334"/>
						<line hits="0" number="335"/>
						<line hits="0" number="337"/>
						<line hits="0" number="338"/>
						<line hits="1" number="340"/>
						<line hits="0" number="344"/>
						<line hits="0" number="345"/>
						<line hits="0" number="346"/>
						<line hits="0" number="347"/>
						<line hits="0" number="348"/>
						<line hits="0" number="352"/>
						<line hits="0" number="353"/>
						<line hits="0" number="354"/>
						<line hits="0" number="355"/>
						<line hits="1" number="357"/>
						<line hits="1" number="359"/>
						<line hits="1" number="360"/>
						<line hits="1" number="362"/>
						<line hits="1" number="363"/>
						<line hits="1" number="364"/>
						<line hits="1" number="365"/>
						<line hits="0" number="367"/>
						<line hits="1" number="369"/>
						<line hits="0" number="370"/>
						<line hits="0" number="371"/>
						<line hits="0" number="372"/>
						<line hits="0" number="373"/>
						<line hits="0" number="374"/>
						<line hits="1" number="376"/>
						<line hits="0" number="378"/>
						<line hits="1" number="380"/>
						<line hits="0" number="382"/>
						<line hits="1" number="384"/>
						<line hits="0" number="387"/>
						<line hits="0" number="388"/>
						<line hits="0" number="389"/>
						<line hits="0" number="392"/>
						<line hits="0" number="393"/>
						<line hits="1" number="395"/>
						<line hits="0" number="410"/>
						<line hits="0" number="411"/>
						<line hits="0" number="412"/>
						<line hits="0" number="413"/>
						<line hits="0" number="415"/>
						<line hits="1" number="417"/>
						<line hits="0" number="420"/>
						<line hits="0" number="421"/>
						<line hits="0" number="422"/>
						<line hits="0" number="427"/>
						<line hits="0" number="428"/>
						<line hits="0" number="433"/>
						<line hits="0" number="434"/>
						<line hits="1" number="439"/>
						<line hits="0" number="442"/>
						<line hits="0" number="444"/>
						<line hits="0" number="445"/>
						<line hits="0" number="446"/>
						<line hits="1" number="448"/>
						<line hits="0" number="450"/>
						<line hits="0" number="451"/>
						<line hits="0" number="454"/>
						<line hits="0" number="455"/>
						<line hits="0" number="456"/>
						<line hits="0" number="457"/>
						<line hits="0" number="460"/>
						<line hits="0" number="461"/>
						<line hits="0" number="464"/>
						<line hits="0" number="465"/>
						<line hits="1" number="467"/>
						<line hits="0" number="470"/>
						<line hits="0" number="471"/>
						<line hits="0" number="474"/>
						<line hits="0" number="475"/>
						<line hits="0" number="476"/>
						<line hits="0" number="477"/>
						<line hits="0" number="480"/>
						<line hits="0" number="481"/>
						<line hits="0" number="482"/>
						<line hits="0" number="483"/>
						<line hits="0" number="487"/>
						<line hits="1" number="489"/>
						<line hits="0" number="505"/>
						<line hits="0" number="506"/>
						<line hits="0" number="507"/>
						<line hits="0" number="508"/>
						<line hits="0" number="510"/>
						<line hits="1" number="512"/>
						<line hits="0" number="513"/>
						<line hits="0" number="514"/>
						<line hits="0" number="517"/>
						<line hits="1" number="519"/>
						<line hits="1" number="521"/>
						<line hits="1" number="522"/>
						<line hits="1" number="525"/>
						<line hits="1" number="526"/>
						<line hits="1" number="527"/>
						<line hits="0" number="528"/>
						<line hits="0" number="529"/>
						<line hits="0" number="530"/>
						<line hits="0" number="531"/>
						<line hits="0" number="532"/>
						<line hits="1" number="534"/>
						<line hits="1" number="537"/>
						<line hits="1" number="538"/>
						<line hits="0" number="539"/>
						<line hits="0" number="540"/>
						<line hits="0" number="541"/>
						<line hits="1" number="543"/>
						<line hits="1" number="545"/>
						<line hits="0" number="555"/>
						<line hits="0" number="557"/>
						<line hits="0" number="559"/>
						<line hits="0" number="561"/>
						<line hits="0" number="562"/>
						<line hits="0" number="564"/>
						<line hits="0" number="566"/>
						<line hits="0" number="567"/>
						<line hits="0" number="568"/>
						<line hits="0" number="569"/>
						<line hits="0" number="570"/>
						<line hits="0" number="571"/>
						<line hits="0" number="572"/>
						<line hits="0" number="573"/>
						<line hits="0" number="574"/>
						<line hits="0" number="576"/>
						<line hits="0" number="578"/>
						<line hits="0" number="579"/>
						<line hits="0" number="581"/>
						<line hits="0" number="583"/>
						<line hits="1" number="585"/>
						<line hits="0" number="588"/>
						<line hits="0" number="589"/>
						<line hits="0" number="591"/>
						<line hits="0" number="592"/>
						<line hits="0" number="594"/>
						<line hits="0" number="595"/>
						<line hits="0" number="596"/>
						<line hits="0" number="598"/>
						<line hits="0" number="599"/>
						<line hits="0" number="600"/>
						<line hits="0" number="601"/>
						<line hits="1" number="603"/>
						<line hits="1" number="609"/>
						<line hits="1" number="611"/>
						<line hits="1" number="612"/>
						<line hits="0" number="615"/>
						<line hits="0" number="616"/>
						<line hits="0" number="617"/>
						<line hits="0" number="621"/>
						<line hits="0" number="622"/>
						<line hits="0" number="625"/>
						<line hits="0" number="626"/>
						<line hits="0" number="627"/>
						<line hits="0" number="628"/>
						<line hits="0" number="630"/>
						<line hits="0" number="632"/>
						<line hits="0" number="633"/>
						<line hits="0" number="635"/>
						<line hits="1" number="640"/>
						<line hits="1" number="641"/>
						<line hits="1" number="644"/>
						<line hits="1" number="701"/>
						<line hits="0" number="703"/>
						<line hits="1" number="710"/>
						<line hits="0" number="712"/>
						<line hits="0" number="714"/>
						<line hits="0" number="715"/>
						<line hits="0" number="716"/>
						<line hits="0" number="717"/>
						<line hits="0" number="718"/>
						<line hits="0" number="719"/>
						<line hits="0" number="721"/>
						<line hits="0" number="724"/>
						<line hits="0" number="725"/>
						<line hits="0" number="727"/>
						<line hits="0" number="728"/>
						<line hits="0" number="729"/>
						<line hits="0" number="730"/>
						<line hits="0" number="732"/>
						<line hits="0" number="733"/>
						<line hits="1" number="738"/>
						<line hits="0" number="740"/>
						<line hits="1" number="742"/>
						<line hits="0" number="752"/>
						<line hits="0" number="753"/>
						<line hits="0" number="758"/>
						<line hits="0" number="760"/>
						<line hits="0" number="761"/>
						<line hits="1" number="763"/>
						<line hits="0" number="773"/>
						<line hits="0" number="775"/>
						<line hits="0" number="776"/>
						<line hits="0" number="777"/>
						<line hits="1" number="779"/>
						<line hits="0" number="791"/>
						<line hits="0" number="792"/>
						<line hits="0" number="793"/>
					</lines>
				</class>
				<class branch-rate="0" complexity="0" filename="/home/vagrant/python2_venv/lib/python2.7/site-packages/setuptools/extension.py" line-rate="0.4333" name="/home/vagrant/python2_venv/lib/python2.7/site-packages/setuptools/extension">
					<methods/>
					<lines>
						<line hits="1" number="1"/>
						<line hits="1" number="2"/>
						<line hits="1" number="3"/>
						<line hits="1" number="5"/>
						<line hits="1" number="7"/>
						<line hits="1" number="9"/>
						<line hits="0" number="13"/>
						<line hits="0" number="14"/>
						<line hits="0" number="15"/>
						<line hits="0" number="17"/>
						<line hits="0" number="18"/>
						<line hits="0" number="19"/>
						<line hits="0" number="20"/>
						<line hits="0" number="21"/>
						<line hits="1" number="24"/>
						<line hits="1" number="27"/>
						<line hits="0" number="28"/>
						<line hits="0" number="29"/>
						<line hits="0" number="30"/>
						<line hits="1" number="32"/>
						<line hits="0" number="34"/>
						<line hits="0" number="35"/>
						<line hits="0" number="36"/>
						<line hits="0" number="37"/>
						<line hits="0" number="38"/>
						<line hits="1" number="40"/>
						<line hits="1" number="43"/>
						<line hits="1" number="44"/>
						<line hits="1" number="45"/>
						<line hits="0" number="46"/>
					</lines>
				</class>
				<class branch-rate="0" complexity="0" filename="/home/vagrant/python2_venv/lib/python2.7/site-packages/setuptools/version.py" line-rate="1" name="/home/vagrant/python2_venv/lib/python2.7/site-packages/setuptools/version">
					<methods/>
					<lines>
						<line hits="1" number="1"/>
					</lines>
				</class>
			</classes>
		</package>
	</packages>
</coverage>
